<?xml version="1.0" encoding="UTF-8"?>
<!-- Generated by org.testng.reporters.JUnitReportReporter -->
<testsuite skipped="0" hostname="UNKNOWN.gateway" name="org.vimukt.test.EC2ManagementTest" tests="1" failures="0" timestamp="30 Aug 2018 10:55:14 GMT" time="93.086" errors="0">
  <testcase name="manageEC2Instance" time="93.086" classname="org.vimukt.test.EC2ManagementTest"/>
</testsuite> <!-- org.vimukt.test.EC2ManagementTest -->
